{
  "RSpec": {
    "coverage": {
      "/Users/marcobagnasco/Desktop/finalProject/fairMuse/back-end/spec/controllers/tracks_controller_spec.rb": [
        1,
        null,
        null,
        1,
        1,
        4,
        4,
        null,
        1,
        null,
        null,
        null,
        1,
        null,
        null,
        1,
        null,
        null,
        null,
        1,
        null,
        null,
        1,
        null,
        null,
        1,
        null,
        null,
        1,
        null,
        null,
        null,
        1,
        null,
        null,
        5,
        null,
        1,
        1,
        1,
        1,
        1,
        null,
        null,
        null,
        1,
        1,
        1,
        null,
        null,
        null,
        null,
        1,
        1,
        1,
        1,
        null,
        null,
        null,
        1,
        1,
        1,
        null,
        null,
        null,
        null,
        null
      ],
      "/Users/marcobagnasco/Desktop/finalProject/fairMuse/back-end/app/controllers/tracks_controller.rb": [
        1,
        1,
        null,
        1,
        0,
        0,
        null,
        null,
        1,
        0,
        null,
        null,
        1,
        4,
        4,
        2,
        null,
        2,
        null,
        null,
        null,
        1,
        0,
        0,
        0,
        null,
        0,
        null,
        null,
        null,
        1,
        0,
        0,
        null,
        null,
        1,
        1,
        0,
        null,
        null,
        1,
        4,
        null,
        null
      ],
      "/Users/marcobagnasco/Desktop/finalProject/fairMuse/back-end/app/controllers/application_controller.rb": [
        1,
        1,
        null,
        1,
        null,
        1,
        0,
        0,
        0,
        0,
        null,
        null,
        null,
        null,
        null,
        null,
        null,
        null
      ],
      "/Users/marcobagnasco/Desktop/finalProject/fairMuse/back-end/spec/models/track_spec.rb": [
        1,
        null,
        1,
        null,
        1,
        10,
        null,
        null,
        1,
        null,
        2,
        2,
        2,
        null,
        null,
        2,
        null,
        null,
        null,
        1,
        null,
        2,
        2,
        null,
        null,
        2,
        null,
        null,
        null,
        1,
        null,
        2,
        null,
        1,
        1,
        null,
        null,
        1,
        1,
        null,
        null,
        null
      ],
      "/Users/marcobagnasco/Desktop/finalProject/fairMuse/back-end/app/models/track.rb": [
        1,
        1,
        1,
        null,
        null,
        null,
        1,
        0,
        null,
        null,
        1,
        null,
        null,
        null,
        1,
        null,
        null,
        null,
        1,
        0,
        null,
        null,
        1,
        1,
        null
      ],
      "/Users/marcobagnasco/Desktop/finalProject/fairMuse/back-end/app/models/stream.rb": [
        1,
        1,
        1,
        null
      ]
    },
    "timestamp": 1459416188
  }
}
